/*C1*/SET SCHEMA SYSTEM_LOBS
INSERT INTO LOB_IDS VALUES(120,2282,0,40)
COMMIT
ALTER SEQUENCE SYSTEM_LOBS.LOB_ID RESTART WITH 121
DELETE FROM BLOCKS WHERE BLOCK_ADDR=196
INSERT INTO BLOCKS VALUES(196,1,0)
INSERT INTO BLOCKS VALUES(197,2147483450,0)
DELETE FROM BLOCKS WHERE BLOCK_ADDR=196
INSERT INTO LOBS VALUES(196,1,0,120)
COMMIT
/*C6*/SET SCHEMA W4TJ
INSERT INTO "PANEL_DEFINITION" VALUES(61,0,'org.web4thejob.web.panel.DefaultFramePanel-panel_ccc25c1d-143d-44bb-b118-7e2da55ed8c0','Send us your feedback','','','org.web4thejob.web.panel.DefaultFramePanel, org.web4thejob.web.panel.FramePanel','[TARGET_TYPE=null] [MASTER_TYPE=null] [BIND_PROPERTY=null] [MASTER_DETAIL=false]',4,120)
SET SCHEMA SYSTEM_LOBS
DELETE FROM LOB_IDS WHERE LOB_ID=120
INSERT INTO LOB_IDS VALUES(120,2282,1,40)
COMMIT
/*C1*/INSERT INTO LOB_IDS VALUES(121,2627,0,40)
COMMIT
ALTER SEQUENCE SYSTEM_LOBS.LOB_ID RESTART WITH 122
DELETE FROM BLOCKS WHERE BLOCK_ADDR=197
INSERT INTO BLOCKS VALUES(197,1,0)
INSERT INTO BLOCKS VALUES(198,2147483449,0)
DELETE FROM BLOCKS WHERE BLOCK_ADDR=197
INSERT INTO LOBS VALUES(197,1,0,121)
COMMIT
/*C8*/SET SCHEMA W4TJ
DELETE FROM "AUTH_STRUCTURE" WHERE "ID"=2
INSERT INTO "AUTH_STRUCTURE" VALUES(2,6,'Project Manager',121)
SET SCHEMA SYSTEM_LOBS
DELETE FROM LOB_IDS WHERE LOB_ID=76
INSERT INTO LOB_IDS VALUES(76,2527,0,40)
DELETE FROM LOB_IDS WHERE LOB_ID=121
INSERT INTO LOB_IDS VALUES(121,2627,1,40)
COMMIT
/*C1*/INSERT INTO LOB_IDS VALUES(122,2282,0,40)
COMMIT
ALTER SEQUENCE SYSTEM_LOBS.LOB_ID RESTART WITH 123
DELETE FROM BLOCKS WHERE BLOCK_ADDR=198
INSERT INTO BLOCKS VALUES(198,1,0)
INSERT INTO BLOCKS VALUES(199,2147483448,0)
DELETE FROM BLOCKS WHERE BLOCK_ADDR=198
INSERT INTO LOBS VALUES(198,1,0,122)
COMMIT
/*C8*/SET SCHEMA W4TJ
DELETE FROM "PANEL_DEFINITION" WHERE "ID"=61
INSERT INTO "PANEL_DEFINITION" VALUES(61,1,'org.web4thejob.web.panel.DefaultFramePanel-panel_ccc25c1d-143d-44bb-b118-7e2da55ed8c0','Send us your feedback','','img/feedback.png','org.web4thejob.web.panel.DefaultFramePanel, org.web4thejob.web.panel.FramePanel','[TARGET_TYPE=null] [MASTER_TYPE=null] [BIND_PROPERTY=null] [MASTER_DETAIL=false]',4,122)
SET SCHEMA SYSTEM_LOBS
DELETE FROM LOB_IDS WHERE LOB_ID=120
INSERT INTO LOB_IDS VALUES(120,2282,0,40)
DELETE FROM LOB_IDS WHERE LOB_ID=122
INSERT INTO LOB_IDS VALUES(122,2282,1,40)
COMMIT
/*C1*/INSERT INTO LOB_IDS VALUES(123,75,0,40)
COMMIT
ALTER SEQUENCE SYSTEM_LOBS.LOB_ID RESTART WITH 124
DELETE FROM BLOCKS WHERE BLOCK_ADDR=199
INSERT INTO BLOCKS VALUES(199,1,0)
INSERT INTO BLOCKS VALUES(200,2147483447,0)
DELETE FROM BLOCKS WHERE BLOCK_ADDR=199
INSERT INTO LOBS VALUES(199,1,0,123)
COMMIT
/*C8*/SET SCHEMA SANDBOX
INSERT INTO "DOCUMENT" VALUES(5,'home',123)
SET SCHEMA SYSTEM_LOBS
DELETE FROM LOB_IDS WHERE LOB_ID=123
INSERT INTO LOB_IDS VALUES(123,75,1,40)
COMMIT
/*C1*/INSERT INTO LOB_IDS VALUES(124,21,0,40)
COMMIT
ALTER SEQUENCE SYSTEM_LOBS.LOB_ID RESTART WITH 125
DELETE FROM BLOCKS WHERE BLOCK_ADDR=200
INSERT INTO BLOCKS VALUES(200,1,0)
INSERT INTO BLOCKS VALUES(201,2147483446,0)
DELETE FROM BLOCKS WHERE BLOCK_ADDR=200
INSERT INTO LOBS VALUES(200,1,0,124)
COMMIT
/*C8*/SET SCHEMA W4TJ
INSERT INTO "QUERY" VALUES(2,0,'home','org.web4thejob.sandbox.orm.Document',FALSE,'',4)
INSERT INTO "CRITERION" VALUES(1,2,'code','EQU',124,FALSE,0)
DELETE FROM "CRITERION" WHERE "ID"=1
INSERT INTO "CRITERION" VALUES(1,2,'code','EQU',124,FALSE,0)
SET SCHEMA SYSTEM_LOBS
DELETE FROM LOB_IDS WHERE LOB_ID=124
INSERT INTO LOB_IDS VALUES(124,21,1,40)
DELETE FROM LOB_IDS WHERE LOB_ID=124
INSERT INTO LOB_IDS VALUES(124,21,0,40)
DELETE FROM LOB_IDS WHERE LOB_ID=124
INSERT INTO LOB_IDS VALUES(124,21,1,40)
COMMIT
/*C7*/SET SCHEMA W4TJ
DELETE FROM "PANEL_DEFINITION" WHERE "ID"=60
SET SCHEMA SYSTEM_LOBS
DELETE FROM LOB_IDS WHERE LOB_ID=119
INSERT INTO LOB_IDS VALUES(119,18577,0,40)
COMMIT
/*C1*/INSERT INTO LOB_IDS VALUES(125,18580,0,40)
COMMIT
ALTER SEQUENCE SYSTEM_LOBS.LOB_ID RESTART WITH 126
DELETE FROM BLOCKS WHERE BLOCK_ADDR=201
INSERT INTO BLOCKS VALUES(201,2,0)
INSERT INTO BLOCKS VALUES(203,2147483444,0)
DELETE FROM BLOCKS WHERE BLOCK_ADDR=201
INSERT INTO LOBS VALUES(201,2,0,125)
COMMIT
/*C7*/SET SCHEMA W4TJ
INSERT INTO "PANEL_DEFINITION" VALUES(62,0,'org.web4thejob.web.panel.DefaultDesktopLayoutPanel-panel_02ef1d76-8f22-475d-99bc-8ed39f726fc3','mypm-full\Desktop',NULL,NULL,'org.web4thejob.web.panel.DefaultDesktopLayoutPanel, org.web4thejob.web.panel.DesktopLayoutPanel, org.web4thejob.util.L10nMessages',NULL,4,125)
SET SCHEMA SYSTEM_LOBS
DELETE FROM LOB_IDS WHERE LOB_ID=125
INSERT INTO LOB_IDS VALUES(125,18580,1,40)
COMMIT
/*C1*/INSERT INTO LOB_IDS VALUES(126,2277217,0,30)
COMMIT
ALTER SEQUENCE SYSTEM_LOBS.LOB_ID RESTART WITH 127
DELETE FROM BLOCKS WHERE BLOCK_ADDR=203
INSERT INTO BLOCKS VALUES(203,70,0)
INSERT INTO BLOCKS VALUES(273,2147483374,0)
DELETE FROM BLOCKS WHERE BLOCK_ADDR=203
INSERT INTO LOBS VALUES(203,70,0,126)
COMMIT
/*C7*/SET SCHEMA MYPM
DELETE FROM VENUEIMAGE WHERE ID=2
INSERT INTO VENUEIMAGE VALUES(2,126)
SET SCHEMA SYSTEM_LOBS
DELETE FROM LOB_IDS WHERE LOB_ID=116
INSERT INTO LOB_IDS VALUES(116,2047,0,30)
DELETE FROM LOB_IDS WHERE LOB_ID=126
INSERT INTO LOB_IDS VALUES(126,2277217,1,30)
COMMIT
SET SCHEMA MYPM
INSERT INTO TASK VALUES(5,2,'Pitch','orange','orange','2013-04-17 22:30:00.000000','2013-04-17 23:30:00.000000',NULL,0.00,NULL,FALSE,FALSE,0.00,NULL)
COMMIT
INSERT INTO VENUENOTES VALUES(2,'<p>\u000a\u0009ddsadsadsa</p>\u000a')
COMMIT
DELETE FROM VENUENOTES WHERE ID=2
COMMIT
DELETE FROM VENUE WHERE ID=2
INSERT INTO VENUE VALUES(2,'V2','','','',NULL,0,'','http://maps.google.com/maps?f=q&source=s_q&hl=en&geocode=&q=Hilton+Athens,+Athens,+Greece&aq=0&oq=athens+hilto&sll=37.0625,-95.677068&sspn=48.956293,93.076172&t=h&ie=UTF8&hq=Hilton+Athens,+Athens,+Greece&z=18&iwloc=A&output=embed')
COMMIT
/*C6*/SET SCHEMA MYPM
INSERT INTO TASK VALUES(6,2,'Pitch 3','orange','orange','2013-04-13 12:00:00.000000','2013-04-13 14:30:00.000000',NULL,0.00,NULL,FALSE,FALSE,0.00,NULL)
COMMIT
DELETE FROM TASK WHERE ID=2
INSERT INTO TASK VALUES(2,2,'Pitch','orange','orange','2013-04-09 11:30:00.000000','2013-04-09 15:00:00.000000',NULL,0.00,NULL,FALSE,FALSE,0.00,NULL)
COMMIT
/*C8*/SET SCHEMA MYPM
DELETE FROM TASK WHERE ID=2
INSERT INTO TASK VALUES(2,2,'Pitch','orange','orange','2013-04-08 12:00:00.000000','2013-04-08 15:30:00.000000',NULL,0.00,NULL,FALSE,FALSE,0.00,NULL)
COMMIT
/*C6*/DELETE FROM TASK WHERE ID=3
INSERT INTO TASK VALUES(3,2,'Pitch','orange','orange','2013-04-12 10:00:00.000000','2013-04-12 12:30:00.000000',NULL,0.00,NULL,FALSE,FALSE,0.00,NULL)
COMMIT
/*C7*/DELETE FROM TASK WHERE ID=3
INSERT INTO TASK VALUES(3,2,'Pitch','orange','orange','2013-04-12 10:00:00.000000','2013-04-12 16:00:00.000000',NULL,0.00,NULL,FALSE,FALSE,0.00,NULL)
COMMIT
DELETE FROM TASK WHERE ID=3
INSERT INTO TASK VALUES(3,2,'Pitch','orange','orange','2013-04-12 10:00:00.000000','2013-04-12 20:00:00.000000',NULL,0.00,NULL,FALSE,FALSE,0.00,NULL)
COMMIT
DELETE FROM TASK WHERE ID=3
INSERT INTO TASK VALUES(3,2,'Pitch','orange','orange','2013-04-11 08:00:00.000000','2013-04-11 18:00:00.000000',NULL,0.00,NULL,FALSE,FALSE,0.00,NULL)
COMMIT
